<?xml version="1.0" encoding="UTF-8"?>
<testng-results ignored="0" total="2" passed="2" failed="0" skipped="0">
  <reporter-output>
  </reporter-output>
  <suite started-at="2023-11-02T06:27:29 EDT" name="Default suite" finished-at="2023-11-02T06:27:29 EDT" duration-ms="50">
    <groups>
    </groups>
    <test started-at="2023-11-02T06:27:29 EDT" name="Default test" finished-at="2023-11-02T06:27:29 EDT" duration-ms="50">
      <class name="hi.abc">
        <test-method signature="getprop()[pri:0, instance:hi.abc@3e27aa33]" started-at="2023-11-02T06:27:29 EDT" name="getprop" finished-at="2023-11-02T06:27:29 EDT" duration-ms="7" status="PASS">
          <reporter-output>
          </reporter-output>
        </test-method> <!-- getprop -->
        <test-method signature="setprop()[pri:0, instance:hi.abc@3e27aa33]" started-at="2023-11-02T06:27:29 EDT" name="setprop" finished-at="2023-11-02T06:27:29 EDT" duration-ms="1" status="PASS">
          <reporter-output>
          </reporter-output>
        </test-method> <!-- setprop -->
      </class> <!-- hi.abc -->
    </test> <!-- Default test -->
  </suite> <!-- Default suite -->
</testng-results>
